<?xml version="1.0" encoding="UTF-8"?>
<testng-results skipped="0" failed="0" ignored="0" total="1" passed="1">
  <reporter-output>
  </reporter-output>
  <suite name="Default suite" duration-ms="65665" started-at="2018-07-13T17:02:58Z" finished-at="2018-07-13T17:04:04Z">
    <groups>
    </groups>
    <test name="Default test" duration-ms="65665" started-at="2018-07-13T17:02:58Z" finished-at="2018-07-13T17:04:04Z">
      <class name="com.accenture.Calculadora_excel.App">
        <test-method status="PASS" signature="setUpAppium()[pri:0, instance:com.accenture.Calculadora_excel.App@310a7859]" name="setUpAppium" is-config="true" duration-ms="42682" started-at="2018-07-13T17:02:58Z" finished-at="2018-07-13T17:03:41Z">
          <reporter-output>
          </reporter-output>
        </test-method> <!-- setUpAppium -->
        <test-method status="PASS" signature="mytest()[pri:0, instance:com.accenture.Calculadora_excel.App@310a7859]" name="mytest" duration-ms="17486" started-at="2018-07-13T17:03:41Z" finished-at="2018-07-13T17:03:58Z">
          <reporter-output>
          </reporter-output>
        </test-method> <!-- mytest -->
        <test-method status="PASS" signature="CleanUpAppium()[pri:0, instance:com.accenture.Calculadora_excel.App@310a7859]" name="CleanUpAppium" is-config="true" duration-ms="5295" started-at="2018-07-13T17:03:58Z" finished-at="2018-07-13T17:04:04Z">
          <reporter-output>
          </reporter-output>
        </test-method> <!-- CleanUpAppium -->
      </class> <!-- com.accenture.Calculadora_excel.App -->
    </test> <!-- Default test -->
  </suite> <!-- Default suite -->
</testng-results>
